<?xml version="1.0" encoding="UTF-8" ?>
<testsuites errors="1"
            failures="1"
            tests="1">

  <testsuite name="firstTest"
    errors="1" failures="1" hostname="" id="" package="firstTest" skipped="0"
    tests="1" time="6.901" timestamp="">
  
    <testcase name="Demo test Google" classname="firstTest" time="6.901" assertions="2">

      <failure message="Timed out while waiting for element &lt;button[name=btnG]&gt; to be present for 1000 milliseconds. - expected &#34;visible&#34; but got: &#34;not found&#34; (1046ms)">    at Object.Demo test Google (C:\Users\zdvih\source\GitHub\udemy-javascript\Youtube\Nightwatch\tests\firstTest.js:7:8)</failure>

    
    <error message="Timed out while waiting for element &lt;button[name=btnG]&gt; to be present for 1000 milliseconds. - expected [0;32m&#34;visible&#34;[0m but got: [0;31m&#34;not found&#34;[0m [0;90m(1046ms)[0m" type="error"><![CDATA[
    Error
    at Object.Demo test Google (C:\Users\zdvih\source\GitHub\udemy-javascript\Youtube\Nightwatch\tests\firstTest.js:7:8)
    at Context.call (C:\Users\zdvih\source\GitHub\udemy-javascript\Youtube\Nightwatch\node_modules\nightwatch\lib\testsuite\context.js:430:35)
    at TestCase.run (C:\Users\zdvih\source\GitHub\udemy-javascript\Youtube\Nightwatch\node_modules\nightwatch\lib\testsuite\testcase.js:58:31)
    at Runnable.__runFn (C:\Users\zdvih\source\GitHub\udemy-javascript\Youtube\Nightwatch\node_modules\nightwatch\lib\testsuite\index.js:690:80)
    at Runnable.run (C:\Users\zdvih\source\GitHub\udemy-javascript\Youtube\Nightwatch\node_modules\nightwatch\lib\testsuite\runnable.js:126:21)
    at TestSuite.createRunnable (C:\Users\zdvih\source\GitHub\udemy-javascript\Youtube\Nightwatch\node_modules\nightwatch\lib\testsuite\index.js:797:33)
    at TestSuite.handleRunnable (C:\Users\zdvih\source\GitHub\udemy-javascript\Youtube\Nightwatch\node_modules\nightwatch\lib\testsuite\index.js:802:33)
    at C:\Users\zdvih\source\GitHub\udemy-javascript\Youtube\Nightwatch\node_modules\nightwatch\lib\testsuite\index.js:690:21
    at processTicksAndRejections (node:internal/process/task_queues:96:5)
    at async DefaultRunner.runTestSuite (C:\Users\zdvih\source\GitHub\udemy-javascript\Youtube\Nightwatch\node_modules\nightwatch\lib\runner\test-runners\default.js:73:7)
    ]]></error>
    
    </testcase>
  

  
    <system-err>
       TimeoutError: An error occurred while running .setValue() command on &lt;input[type=text]&gt;: element not interactable
   (Session info: chrome=100.0.4896.127)
 {&#34;error&#34;:{&#34;name&#34;:&#34;ElementNotInteractableError&#34;,&#34;remoteStacktrace&#34;:&#34;&#34;},&#34;status&#34;:-1,&#34;value&#34;:null}
       at Object.Demo test Google (C:\Users\zdvih\source\GitHub\udemy-javascript\Youtube\Nightwatch\tests\firstTest.js:6:8)
    </system-err>
  

    

  
  </testsuite>
</testsuites>
